Array
(
    [name] => Максим
    [message] => Круто!

)
Успешная записьЗапуск скрипта: 2025-07-21 09:35:18
Получены данные: Array
(
    [name] => Максим
    [message] => Вышло круто!
)

Запуск скрипта: 2025-07-21 09:42:19
Получены данные: Array
(
    [name] => Максим
    [message] => Кайф!
)

Запуск скрипта: 2025-07-21 09:43:09
Получены данные: Array
(
    [name] => Санек
    [message] => Ужасно подстригли(
)

Запуск скрипта: 2025-07-21 11:08:52
Получены данные: Array
(
    [name] => Максим
    [message] => sdvg
)

Запуск скрипта: 2025-07-21 13:45:33
Получены данные: Array
(
    [name] => Арсений
    [message] => fgmkbfgk
)

Запуск скрипта: 2025-07-21 13:47:41
Получены данные: Array
(
    [name] => Санек
    [message] => (((
)

